--------------------------------------------------------------------------------
Release 14.7 Trace  (lin64)
Copyright (c) 1995-2013 Xilinx, Inc.  All rights reserved.

/opt/Xilinx/14.7/ISE_DS/ISE/bin/lin64/unwrapped/trce -intstyle ise -v 3 -s 3 -n
3 -fastpaths -xml UART_TX.twx UART_TX.ncd -o UART_TX.twr UART_TX.pcf

Design file:              UART_TX.ncd
Physical constraint file: UART_TX.pcf
Device,package,speed:     xc6slx9,tqg144,C,-3 (PRODUCTION 1.23 2013-10-13)
Report level:             verbose report

Environment Variable      Effect 
--------------------      ------ 
NONE                      No environment variables were set
--------------------------------------------------------------------------------

INFO:Timing:2698 - No timing constraints found, doing default enumeration.
INFO:Timing:3412 - To improve timing, see the Timing Closure User Guide (UG612).
INFO:Timing:2752 - To get complete path coverage, use the unconstrained paths 
   option. All paths that are not constrained will be reported in the 
   unconstrained paths section(s) of the report.
INFO:Timing:3339 - The clock-to-out numbers in this timing report are based on 
   a 50 Ohm transmission line loading model.  For the details of this model, 
   and for more information on accounting for different loading conditions, 
   please see the device datasheet.



Data Sheet report:
-----------------
All values displayed in nanoseconds (ns)

Setup/Hold to clock SysClk
------------+------------+------------+------------+------------+------------------+--------+
            |Max Setup to|  Process   |Max Hold to |  Process   |                  | Clock  |
Source      | clk (edge) |   Corner   | clk (edge) |   Corner   |Internal Clock(s) | Phase  |
------------+------------+------------+------------+------------+------------------+--------+
K2_COL<0>   |    3.304(R)|      SLOW  |   -0.023(R)|      SLOW  |SysClk_BUFGP      |   0.000|
K2_COL<1>   |    3.434(R)|      SLOW  |    0.098(R)|      SLOW  |SysClk_BUFGP      |   0.000|
K2_COL<2>   |    3.773(R)|      SLOW  |    0.085(R)|      SLOW  |SysClk_BUFGP      |   0.000|
K2_COL<3>   |    3.435(R)|      SLOW  |   -0.115(R)|      SLOW  |SysClk_BUFGP      |   0.000|
------------+------------+------------+------------+------------+------------------+--------+

Clock SysClk to Pad
------------+-----------------+------------+-----------------+------------+------------------+--------+
            |Max (slowest) clk|  Process   |Min (fastest) clk|  Process   |                  | Clock  |
Destination |  (edge) to PAD  |   Corner   |  (edge) to PAD  |   Corner   |Internal Clock(s) | Phase  |
------------+-----------------+------------+-----------------+------------+------------------+--------+
Buzzer      |        13.173(R)|      SLOW  |         5.546(R)|      FAST  |SysClk_BUFGP      |   0.000|
K2_ROW<0>   |         9.917(R)|      SLOW  |         5.612(R)|      FAST  |SysClk_BUFGP      |   0.000|
K2_ROW<1>   |         9.701(R)|      SLOW  |         5.501(R)|      FAST  |SysClk_BUFGP      |   0.000|
K2_ROW<2>   |         9.678(R)|      SLOW  |         5.468(R)|      FAST  |SysClk_BUFGP      |   0.000|
K2_ROW<3>   |         9.432(R)|      SLOW  |         5.327(R)|      FAST  |SysClk_BUFGP      |   0.000|
RelayCtl    |         9.716(R)|      SLOW  |         5.477(R)|      FAST  |SysClk_BUFGP      |   0.000|
Tx          |         8.546(R)|      SLOW  |         4.739(R)|      FAST  |SysClk_BUFGP      |   0.000|
------------+-----------------+------------+-----------------+------------+------------------+--------+

Clock to Setup on destination clock SysClk
---------------+---------+---------+---------+---------+
               | Src:Rise| Src:Fall| Src:Rise| Src:Fall|
Source Clock   |Dest:Rise|Dest:Rise|Dest:Fall|Dest:Fall|
---------------+---------+---------+---------+---------+
SysClk         |    8.170|         |         |         |
---------------+---------+---------+---------+---------+


Analysis completed Mon Mar 23 09:52:21 2026 
--------------------------------------------------------------------------------

Trace Settings:
-------------------------
Trace Settings 

Peak Memory Usage: 387 MB



